[10/May/2019:18:42:00] (ℹ️): WordPress Instance Info:
[10/May/2019:18:42:00] (ℹ️): Home URL : http://localhost:8888/wordpress
[10/May/2019:18:42:00] (ℹ️): Site URL : http://localhost:8888/wordpress
[10/May/2019:18:42:00] (ℹ️): WordPress Version : 5.1.1
[10/May/2019:18:42:00] (ℹ️): Onboarding Version : 1.3.6
[10/May/2019:18:42:00] (ℹ️): Multisite : No
[10/May/2019:18:42:00] (ℹ️): Server Info : Apache/2.2.34 (Unix) mod_wsgi/3.5 Python/2.7.13 PHP/7.3.1 mod_ssl/2.2.34 OpenSSL/1.0.2o DAV/2 mod_fastcgi/mod_fastcgi-SNAP-0910052141 mod_perl/2.0.9 Perl/v5.24.0
[10/May/2019:18:42:00] (ℹ️): PHP Version : 7.3.1
[10/May/2019:18:42:00] (ℹ️): HTTPS : No
[10/May/2019:18:42:00] (ℹ️): PHP Max Execution Time : 30
[10/May/2019:18:42:00] (ℹ️): PHP Max Input Vars : 1000
[10/May/2019:18:42:00] (ℹ️): Max Upload Size : 8388608
[10/May/2019:18:42:00] (ℹ️): Plugins:
[10/May/2019:18:42:00] (ℹ️): [PLUGIN] Contact Form 7 : v5.1.1 (Takayuki Miyoshi)
[10/May/2019:18:42:00] (ℹ️): [PLUGIN] Diaporama : v3.2.0 (Nico Amarilla)
[10/May/2019:18:42:00] (ℹ️): [PLUGIN] Elementor : v2.5.14 (Elementor.com)
[10/May/2019:18:42:00] (ℹ️): [PLUGIN] Menu Icons : v0.11.4 (ThemeIsle)
[10/May/2019:18:42:00] (ℹ️): [PLUGIN] TablePress : v1.9.2 (Tobias Bäthge)
[10/May/2019:18:42:00] (ℹ️): [PLUGIN] Orbit Fox Companion : v2.8.3 (Themeisle)
[10/May/2019:18:42:00] (ℹ️): [PLUGIN] SEOPress : v3.4 (Benjamin Denis)
[10/May/2019:18:42:00] (ℹ️): [PLUGIN] WPForms Lite : v1.5.2.3 (WPForms)
